This is pdfTeX, Version 3.14159265-2.6-1.40.17 (TeX Live 2016) (preloaded format=pdflatex 2016.11.24)  18 JAN 2017 12:11
entering extended mode
 restricted \write18 enabled.
 %&-line parsing enabled.
**essay_1.tex
(./essay_1.tex
LaTeX2e <2016/03/31> patch level 3
Babel <3.9r> and hyphenation patterns for 83 language(s) loaded.
(/usr/local/texlive/2016/texmf-dist/tex/latex/base/article.cls
Document Class: article 2014/09/29 v1.4h Standard LaTeX document class
(/usr/local/texlive/2016/texmf-dist/tex/latex/base/size12.clo
File: size12.clo 2014/09/29 v1.4h Standard LaTeX file (size option)
)
\c@part=\count79
\c@section=\count80
\c@subsection=\count81
\c@subsubsection=\count82
\c@paragraph=\count83
\c@subparagraph=\count84
\c@figure=\count85
\c@table=\count86
\abovecaptionskip=\skip41
\belowcaptionskip=\skip42
\bibindent=\dimen102
)
(/usr/local/texlive/2016/texmf-dist/tex/latex/geometry/geometry.sty
Package: geometry 2010/09/12 v5.6 Page Geometry

(/usr/local/texlive/2016/texmf-dist/tex/latex/graphics/keyval.sty
Package: keyval 2014/10/28 v1.15 key=value parser (DPC)
\KV@toks@=\toks14
)
(/usr/local/texlive/2016/texmf-dist/tex/generic/oberdiek/ifpdf.sty
Package: ifpdf 2016/05/14 v3.1 Provides the ifpdf switch
)
(/usr/local/texlive/2016/texmf-dist/tex/generic/oberdiek/ifvtex.sty
Package: ifvtex 2016/05/16 v1.6 Detect VTeX and its facilities (HO)
Package ifvtex Info: VTeX not detected.
)
(/usr/local/texlive/2016/texmf-dist/tex/generic/ifxetex/ifxetex.sty
Package: ifxetex 2010/09/12 v0.6 Provides ifxetex conditional
)
\Gm@cnth=\count87
\Gm@cntv=\count88
\c@Gm@tempcnt=\count89
\Gm@bindingoffset=\dimen103
\Gm@wd@mp=\dimen104
\Gm@odd@mp=\dimen105
\Gm@even@mp=\dimen106
\Gm@layoutwidth=\dimen107
\Gm@layoutheight=\dimen108
\Gm@layouthoffset=\dimen109
\Gm@layoutvoffset=\dimen110
\Gm@dimlist=\toks15
)
(/usr/local/texlive/2016/texmf-dist/tex/latex/graphics/graphicx.sty
Package: graphicx 2014/10/28 v1.0g Enhanced LaTeX Graphics (DPC,SPQR)

(/usr/local/texlive/2016/texmf-dist/tex/latex/graphics/graphics.sty
Package: graphics 2016/07/10 v1.0t Standard LaTeX Graphics (DPC,SPQR)

(/usr/local/texlive/2016/texmf-dist/tex/latex/graphics/trig.sty
Package: trig 2016/01/03 v1.10 sin cos tan (DPC)
)
(/usr/local/texlive/2016/texmf-dist/tex/latex/graphics-cfg/graphics.cfg
File: graphics.cfg 2016/06/04 v1.11 sample graphics configuration
)
Package graphics Info: Driver file: pdftex.def on input line 99.

(/usr/local/texlive/2016/texmf-dist/tex/latex/graphics-def/pdftex.def
File: pdftex.def 2016/07/10 v0.06j Graphics/color for pdfTeX

(/usr/local/texlive/2016/texmf-dist/tex/generic/oberdiek/infwarerr.sty
Package: infwarerr 2016/05/16 v1.4 Providing info/warning/error messages (HO)
)
(/usr/local/texlive/2016/texmf-dist/tex/generic/oberdiek/ltxcmds.sty
Package: ltxcmds 2016/05/16 v1.23 LaTeX kernel commands for general use (HO)
)
\Gread@gobject=\count90
))
\Gin@req@height=\dimen111
\Gin@req@width=\dimen112
)
(/usr/local/texlive/2016/texmf-dist/tex/latex/float/float.sty
Package: float 2001/11/08 v1.3d Float enhancements (AL)
\c@float@type=\count91
\float@exts=\toks16
\float@box=\box26
\@float@everytoks=\toks17
\@floatcapt=\box27
)
(/usr/local/texlive/2016/texmf-dist/tex/latex/wrapfig/wrapfig.sty
\wrapoverhang=\dimen113
\WF@size=\dimen114
\c@WF@wrappedlines=\count92
\WF@box=\box28
\WF@everypar=\toks18
Package: wrapfig 2003/01/31  v 3.6
)
(/usr/local/texlive/2016/texmf-dist/tex/latex/lipsum/lipsum.sty
Package: lipsum 2014/07/27 v1.3 150 paragraphs of Lorem Ipsum dummy text
\c@lips@count=\count93
)
(/usr/local/texlive/2016/texmf-dist/tex/latex/subfigure/subfigure.sty
Package: subfigure 2002/03/15 v2.1.5 subfigure package
\subfigtopskip=\skip43
\subfigcapskip=\skip44
\subfigcaptopadj=\dimen115
\subfigbottomskip=\skip45
\subfigcapmargin=\dimen116
\subfiglabelskip=\skip46
\c@subfigure=\count94
\c@lofdepth=\count95
\c@subtable=\count96
\c@lotdepth=\count97

****************************************
* Local config file subfigure.cfg used *
****************************************
(/usr/local/texlive/2016/texmf-dist/tex/latex/subfigure/subfigure.cfg)
\subfig@top=\skip47
\subfig@bottom=\skip48
)
(/usr/local/texlive/2016/texmf-dist/tex/latex/url/url.sty
\Urlmuskip=\muskip10
Package: url 2013/09/16  ver 3.4  Verb mode for urls, etc.
) (./essay_1.aux

LaTeX Warning: Label `notes' multiply defined.


LaTeX Warning: Label `notes' multiply defined.


LaTeX Warning: Label `notes' multiply defined.

)
\openout1 = `essay_1.aux'.

LaTeX Font Info:    Checking defaults for OML/cmm/m/it on input line 40.
LaTeX Font Info:    ... okay on input line 40.
LaTeX Font Info:    Checking defaults for T1/cmr/m/n on input line 40.
LaTeX Font Info:    ... okay on input line 40.
LaTeX Font Info:    Checking defaults for OT1/cmr/m/n on input line 40.
LaTeX Font Info:    ... okay on input line 40.
LaTeX Font Info:    Checking defaults for OMS/cmsy/m/n on input line 40.
LaTeX Font Info:    ... okay on input line 40.
LaTeX Font Info:    Checking defaults for OMX/cmex/m/n on input line 40.
LaTeX Font Info:    ... okay on input line 40.
LaTeX Font Info:    Checking defaults for U/cmr/m/n on input line 40.
LaTeX Font Info:    ... okay on input line 40.

*geometry* driver: auto-detecting
*geometry* detected driver: pdftex
*geometry* verbose mode - [ preamble ] result:
* driver: pdftex
* paper: a4paper
* layout: <same size as paper>
* layoutoffset:(h,v)=(0.0pt,0.0pt)
* modes: 
* h-part:(L,W,R)=(89.62709pt, 418.25368pt, 89.6271pt)
* v-part:(T,H,B)=(101.40665pt, 591.5302pt, 152.11pt)
* \paperwidth=597.50787pt
* \paperheight=845.04684pt
* \textwidth=418.25368pt
* \textheight=591.5302pt
* \oddsidemargin=17.3571pt
* \evensidemargin=17.3571pt
* \topmargin=-7.86334pt
* \headheight=12.0pt
* \headsep=25.0pt
* \topskip=12.0pt
* \footskip=30.0pt
* \marginparwidth=44.0pt
* \marginparsep=10.0pt
* \columnsep=10.0pt
* \skip\footins=10.8pt plus 4.0pt minus 2.0pt
* \hoffset=0.0pt
* \voffset=0.0pt
* \mag=1000
* \@twocolumnfalse
* \@twosidefalse
* \@mparswitchfalse
* \@reversemarginfalse
* (1in=72.27pt=25.4mm, 1cm=28.453pt)

(/usr/local/texlive/2016/texmf-dist/tex/context/base/mkii/supp-pdf.mkii
[Loading MPS to PDF converter (version 2006.09.02).]
\scratchcounter=\count98
\scratchdimen=\dimen117
\scratchbox=\box29
\nofMPsegments=\count99
\nofMParguments=\count100
\everyMPshowfont=\toks19
\MPscratchCnt=\count101
\MPscratchDim=\dimen118
\MPnumerator=\count102
\makeMPintoPDFobject=\count103
\everyMPtoPDFconversion=\toks20
) (/usr/local/texlive/2016/texmf-dist/tex/generic/oberdiek/pdftexcmds.sty
Package: pdftexcmds 2016/05/21 v0.22 Utility functions of pdfTeX for LuaTeX (HO
)

(/usr/local/texlive/2016/texmf-dist/tex/generic/oberdiek/ifluatex.sty
Package: ifluatex 2016/05/16 v1.4 Provides the ifluatex switch (HO)
Package ifluatex Info: LuaTeX not detected.
)
Package pdftexcmds Info: LuaTeX not detected.
Package pdftexcmds Info: \pdf@primitive is available.
Package pdftexcmds Info: \pdf@ifprimitive is available.
Package pdftexcmds Info: \pdfdraftmode found.
)
(/usr/local/texlive/2016/texmf-dist/tex/latex/oberdiek/epstopdf-base.sty
Package: epstopdf-base 2016/05/15 v2.6 Base part for package epstopdf

(/usr/local/texlive/2016/texmf-dist/tex/latex/oberdiek/grfext.sty
Package: grfext 2016/05/16 v1.2 Manage graphics extensions (HO)

(/usr/local/texlive/2016/texmf-dist/tex/generic/oberdiek/kvdefinekeys.sty
Package: kvdefinekeys 2016/05/16 v1.4 Define keys (HO)
))
(/usr/local/texlive/2016/texmf-dist/tex/latex/oberdiek/kvoptions.sty
Package: kvoptions 2016/05/16 v3.12 Key value format for package options (HO)

(/usr/local/texlive/2016/texmf-dist/tex/generic/oberdiek/kvsetkeys.sty
Package: kvsetkeys 2016/05/16 v1.17 Key value parser (HO)

(/usr/local/texlive/2016/texmf-dist/tex/generic/oberdiek/etexcmds.sty
Package: etexcmds 2016/05/16 v1.6 Avoid name clashes with e-TeX commands (HO)
Package etexcmds Info: Could not find \expanded.
(etexcmds)             That can mean that you are not using pdfTeX 1.50 or
(etexcmds)             that some package has redefined \expanded.
(etexcmds)             In the latter case, load this package earlier.
)))
Package epstopdf-base Info: Redefining graphics rule for `.eps' on input line 4
38.
Package grfext Info: Graphics extension search list:
(grfext)             [.png,.pdf,.jpg,.mps,.jpeg,.jbig2,.jb2,.PNG,.PDF,.JPG,.JPE
G,.JBIG2,.JB2,.eps]
(grfext)             \AppendGraphicsExtensions on input line 456.

(/usr/local/texlive/2016/texmf-dist/tex/latex/latexconfig/epstopdf-sys.cfg
File: epstopdf-sys.cfg 2010/07/13 v1.3 Configuration of (r)epstopdf for TeX Liv
e
))
LaTeX Font Info:    External font `cmex10' loaded for size
(Font)              <12> on input line 67.
LaTeX Font Info:    External font `cmex10' loaded for size
(Font)              <8> on input line 67.
LaTeX Font Info:    External font `cmex10' loaded for size
(Font)              <6> on input line 67.

[1

{/usr/local/texlive/2016/texmf-var/fonts/map/pdftex/updmap/pdftex.map}]
(./essay_1.toc)
\tf@toc=\write3
\openout3 = `essay_1.toc'.

 [1] [2]
Overfull \hbox (14.8889pt too wide) in paragraph at lines 146--147
[]\OT1/cmr/m/n/12 Il co-mando \OT1/cmr/m/it/12 bash \OT1/cmr/m/n/12 dell'esegui
bile \OT1/cmr/m/it/12 tcp-dump \OT1/cmr/m/n/12 per-me-tte l'inserimento di al-c
uni parametri
 []

LaTeX Font Info:    Try loading font information for OMS+cmr on input line 149.

(/usr/local/texlive/2016/texmf-dist/tex/latex/base/omscmr.fd
File: omscmr.fd 2014/09/29 v2.5h Standard LaTeX font definitions
)
LaTeX Font Info:    Font shape `OMS/cmr/m/n' in size <12> not available
(Font)              Font shape `OMS/cmsy/m/n' tried instead on input line 149.

<tcpdump_XX.png, id=16, 717.68124pt x 206.7725pt>
File: tcpdump_XX.png Graphic file (type png)
 <use tcpdump_XX.png>
Package pdftex.def Info: tcpdump_XX.png used on input line 157.
(pdftex.def)             Requested size: 430.61206pt x 124.06445pt.

Overfull \hbox (12.35838pt too wide) in paragraph at lines 157--158
 [] 
 []

<tcpdump_A.png, id=17, 731.73375pt x 173.64874pt>
File: tcpdump_A.png Graphic file (type png)
 <use tcpdump_A.png>
Package pdftex.def Info: tcpdump_A.png used on input line 162.
(pdftex.def)             Requested size: 439.04364pt x 104.19005pt.

Overfull \hbox (20.78996pt too wide) in paragraph at lines 162--163
 [] 
 []

[3 <./tcpdump_XX.png> <./tcpdump_A.png>]
Missing character: There is no Ã in font cmr12!
Missing character: There is no ¨ in font cmr12!

Overfull \hbox (1.38585pt too wide) in paragraph at lines 171--172
[]\OT1/cmr/m/n/12 L'\OT1/cmr/m/it/12 Activity \OT1/cmr/m/n/12 di cat-tura espon
e un'interfaccia sem-plice per im-postare la modalit^^Sa
 []

Missing character: There is no Ã in font cmr12!
Missing character: There is no ¨ in font cmr12!
<./activity1.jpeg, id=22, 722.7pt x 1284.8pt>
File: ./activity1.jpeg Graphic file (type jpg)
 <use ./activity1.jpeg>
Package pdftex.def Info: ./activity1.jpeg used on input line 183.
(pdftex.def)             Requested size: 144.53743pt x 256.95544pt.

<./activity2.jpeg, id=23, 722.7pt x 1284.8pt>
File: ./activity2.jpeg Graphic file (type jpg)
 <use ./activity2.jpeg>
Package pdftex.def Info: ./activity2.jpeg used on input line 185.
(pdftex.def)             Requested size: 144.53743pt x 256.95544pt.

<./filelist.jpeg, id=24, 722.7pt x 1284.8pt>
File: ./filelist.jpeg Graphic file (type jpg)
 <use ./filelist.jpeg>
Package pdftex.def Info: ./filelist.jpeg used on input line 188.
(pdftex.def)             Requested size: 144.53743pt x 256.95544pt.

<./activity2active.jpeg, id=25, 722.7pt x 1284.8pt>
File: ./activity2active.jpeg Graphic file (type jpg)

<use ./activity2active.jpeg>
Package pdftex.def Info: ./activity2active.jpeg used on input line 190.
(pdftex.def)             Requested size: 144.53743pt x 256.95544pt.
Missing character: There is no Ã in font cmr12!
Missing character: There is no ¨ in font cmr12!
 [4] [5 <./activity1.jpeg> <./activity2.jpeg> <./filelist.jpeg> <./activity2act
ive.jpeg>] [6] [7] [8] [9]
<./badoo.jpeg, id=46, 722.7pt x 1284.8pt>
File: ./badoo.jpeg Graphic file (type jpg)
 <use ./badoo.jpeg>
Package pdftex.def Info: ./badoo.jpeg used on input line 286.
(pdftex.def)             Requested size: 180.67455pt x 321.19922pt.

<./instagram.jpeg, id=47, 722.7pt x 1284.8pt>
File: ./instagram.jpeg Graphic file (type jpg)
 <use ./instagram.jpeg>
Package pdftex.def Info: ./instagram.jpeg used on input line 288.
(pdftex.def)             Requested size: 180.67455pt x 321.19922pt.

<./messenger.jpeg, id=48, 722.7pt x 1284.8pt>
File: ./messenger.jpeg Graphic file (type jpg)
 <use ./messenger.jpeg>
Package pdftex.def Info: ./messenger.jpeg used on input line 297.
(pdftex.def)             Requested size: 144.53743pt x 256.95544pt.

<./skype.jpeg, id=49, 722.7pt x 1284.8pt>
File: ./skype.jpeg Graphic file (type jpg)
 <use ./skype.jpeg>
Package pdftex.def Info: ./skype.jpeg used on input line 299.
(pdftex.def)             Requested size: 144.53743pt x 256.95544pt.

<./snap.jpeg, id=50, 722.7pt x 1284.8pt>
File: ./snap.jpeg Graphic file (type jpg)
 <use ./snap.jpeg>
Package pdftex.def Info: ./snap.jpeg used on input line 302.
(pdftex.def)             Requested size: 144.53743pt x 256.95544pt.


LaTeX Warning: Float too large for page by 1.18059pt on input line 304.

<./tabella.png, id=51, 604.2575pt x 395.4775pt>
File: ./tabella.png Graphic file (type png)
 <use ./tabella.png>
Package pdftex.def Info: ./tabella.png used on input line 308.
(pdftex.def)             Requested size: 350.46959pt x 229.3771pt.
 [10 <./badoo.jpeg> <./instagram.jpeg>] [11 <./messenger.jpeg> <./skype.jpeg> <
./snap.jpeg>] [12 <./tabella.png>] [13] [14] (./essay_1.aux)

LaTeX Warning: There were multiply-defined labels.

 ) 
Here is how much of TeX's memory you used:
 2638 strings out of 493013
 37564 string characters out of 6133327
 203287 words of memory out of 5000000
 6138 multiletter control sequences out of 15000+600000
 10567 words of font info for 37 fonts, out of 8000000 for 9000
 1141 hyphenation exceptions out of 8191
 40i,7n,25p,1681b,261s stack positions out of 5000i,500n,10000p,200000b,80000s
</usr/local/texlive/2016/texmf-dist/fonts/type1/public/amsfonts/cm/cmbx12.pfb
></usr/local/texlive/2016/texmf-dist/fonts/type1/public/amsfonts/cm/cmcsc10.pfb
></usr/local/texlive/2016/texmf-dist/fonts/type1/public/amsfonts/cm/cmr10.pfb><
/usr/local/texlive/2016/texmf-dist/fonts/type1/public/amsfonts/cm/cmr12.pfb></u
sr/local/texlive/2016/texmf-dist/fonts/type1/public/amsfonts/cm/cmsy10.pfb></us
r/local/texlive/2016/texmf-dist/fonts/type1/public/amsfonts/cm/cmti12.pfb></usr
/local/texlive/2016/texmf-dist/fonts/type1/public/amsfonts/cm/cmtt12.pfb>
Output written on essay_1.pdf (15 pages, 1188754 bytes).
PDF statistics:
 93 PDF objects out of 1000 (max. 8388607)
 56 compressed objects within 1 object stream
 0 named destinations out of 1000 (max. 500000)
 61 words of extra memory for PDF output out of 10000 (max. 10000000)

